<?xml version="1.0" encoding="UTF-8"?>
<testng-results ignored="0" total="0" passed="0" failed="0" skipped="0">
  <reporter-output>
  </reporter-output>
  <suite started-at="2020-08-24T19:57:41Z" name="runner.RunnerTest" finished-at="2020-08-24T19:57:41Z" duration-ms="2">
    <groups>
    </groups>
    <test started-at="2020-08-24T19:57:41Z" name="Command line test" finished-at="2020-08-24T19:57:41Z" duration-ms="2">
    </test> <!-- Command line test -->
  </suite> <!-- runner.RunnerTest -->
</testng-results>
